# JRE version: Java(TM) SE Runtime Environment (18.0.2.1+1) (build 18.0.2.1+1-1)
# Java VM: Java HotSpot(TM) 64-Bit Server VM (18.0.2.1+1-1, mixed mode, sharing, tiered, compressed oops, compressed class ptrs, g1 gc, windows-amd64)
GC Precious Log:
 CardTable entry size: 512
 Card Set container configuration: InlinePtr #cards 5 size 8 Array Of Cards #cards 12 size 40 Howl #buckets 4 coarsen threshold 1843 Howl Bitmap #cards 512 size 80 coarsen threshold 460 Card regions per heap region 1 cards per card region 2048
 CPUs: 4 total, 4 available
 Memory: 8070M
 Large Page Support: Disabled
 NUMA Support: Disabled
 Compressed Oops: Enabled (32-bit)
 Heap Region Size: 1M
 Heap Min Capacity: 8M
 Heap Initial Capacity: 128M
 Heap Max Capacity: 2018M
 Pre-touch: Disabled
 Parallel Workers: 4
 Concurrent Workers: 1
 Concurrent Refinement Workers: 4
 Periodic GC: Disabled
Heap:
 garbage-first heap   total 131072K, used 40284K [0x0000000081e00000, 0x0000000100000000)
  region size 1024K, 4 young (4096K), 1 survivors (1024K)
 Metaspace       used 10794K, committed 10944K, reserved 1114112K
  class space    used 1185K, committed 1280K, reserved 1048576K
GC Heap History (20 events):
Event: 17.810 GC heap before
{Heap before GC invocations=0 (full 0):
 garbage-first heap   total 131072K, used 67584K [0x0000000081e00000, 0x0000000100000000)
  region size 1024K, 10 young (10240K), 0 survivors (0K)
 Metaspace       used 10638K, committed 10816K, reserved 1114112K
  class space    used 1184K, committed 1280K, reserved 1048576K
}
Event: 17.817 GC heap after
{Heap after GC invocations=1 (full 0):
 garbage-first heap   total 131072K, used 33105K [0x0000000081e00000, 0x0000000100000000)
  region size 1024K, 2 young (2048K), 2 survivors (2048K)
 Metaspace       used 10638K, committed 10816K, reserved 1114112K
  class space    used 1184K, committed 1280K, reserved 1048576K
}
Event: 19.586 GC heap before
{Heap before GC invocations=1 (full 0):
 garbage-first heap   total 131072K, used 59729K [0x0000000081e00000, 0x0000000100000000)
  region size 1024K, 3 young (3072K), 2 survivors (2048K)
 Metaspace       used 10661K, committed 10816K, reserved 1114112K
  class space    used 1184K, committed 1280K, reserved 1048576K
}
Event: 19.589 GC heap after
{Heap after GC invocations=2 (full 0):
 garbage-first heap   total 131072K, used 19148K [0x0000000081e00000, 0x0000000100000000)
  region size 1024K, 1 young (1024K), 1 survivors (1024K)
 Metaspace       used 10661K, committed 10816K, reserved 1114112K
  class space    used 1184K, committed 1280K, reserved 1048576K
}
Event: 22.233 GC heap before
{Heap before GC invocations=2 (full 0):
 garbage-first heap   total 131072K, used 58060K [0x0000000081e00000, 0x0000000100000000)
  region size 1024K, 2 young (2048K), 1 survivors (1024K)
 Metaspace       used 10675K, committed 10880K, reserved 1114112K
  class space    used 1184K, committed 1280K, reserved 1048576K
}
Event: 22.234 GC heap after
{Heap after GC invocations=3 (full 0):
 garbage-first heap   total 131072K, used 24977K [0x0000000081e00000, 0x0000000100000000)
  region size 1024K, 1 young (1024K), 1 survivors (1024K)
 Metaspace       used 10675K, committed 10880K, reserved 1114112K
  class space    used 1184K, committed 1280K, reserved 1048576K
}
Event: 24.263 GC heap before
{Heap before GC invocations=3 (full 0):
 garbage-first heap   total 131072K, used 57745K [0x0000000081e00000, 0x0000000100000000)
  region size 1024K, 2 young (2048K), 1 survivors (1024K)
 Metaspace       used 10680K, committed 10880K, reserved 1114112K
  class space    used 1184K, committed 1280K, reserved 1048576K
}
Event: 24.264 GC heap after
{Heap after GC invocations=4 (full 0):
 garbage-first heap   total 131072K, used 21853K [0x0000000081e00000, 0x0000000100000000)
  region size 1024K, 1 young (1024K), 1 survivors (1024K)
 Metaspace       used 10680K, committed 10880K, reserved 1114112K
  class space    used 1184K, committed 1280K, reserved 1048576K
}
Event: 26.477 GC heap before
{Heap before GC invocations=4 (full 0):
 garbage-first heap   total 131072K, used 58717K [0x0000000081e00000, 0x0000000100000000)
  region size 1024K, 3 young (3072K), 1 survivors (1024K)
 Metaspace       used 10691K, committed 10880K, reserved 1114112K
  class space    used 1184K, committed 1280K, reserved 1048576K
}
Event: 26.478 GC heap after
{Heap after GC invocations=5 (full 0):
 garbage-first heap   total 131072K, used 22865K [0x0000000081e00000, 0x0000000100000000)
  region size 1024K, 1 young (1024K), 1 survivors (1024K)
 Metaspace       used 10691K, committed 10880K, reserved 1114112K
  class space    used 1184K, committed 1280K, reserved 1048576K
}
Event: 28.629 GC heap before
{Heap before GC invocations=5 (full 0):
 garbage-first heap   total 131072K, used 57681K [0x0000000081e00000, 0x0000000100000000)
  region size 1024K, 2 young (2048K), 1 survivors (1024K)
 Metaspace       used 10701K, committed 10880K, reserved 1114112K
  class space    used 1184K, committed 1280K, reserved 1048576K
}
Event: 28.630 GC heap after
{Heap after GC invocations=6 (full 0):
 garbage-first heap   total 131072K, used 21839K [0x0000000081e00000, 0x0000000100000000)
  region size 1024K, 1 young (1024K), 1 survivors (1024K)
 Metaspace       used 10701K, committed 10880K, reserved 1114112K
  class space    used 1184K, committed 1280K, reserved 1048576K
}
Event: 30.848 GC heap before
{Heap before GC invocations=6 (full 0):
 garbage-first heap   total 131072K, used 58703K [0x0000000081e00000, 0x0000000100000000)
  region size 1024K, 3 young (3072K), 1 survivors (1024K)
 Metaspace       used 10727K, committed 10944K, reserved 1114112K
  class space    used 1184K, committed 1280K, reserved 1048576K
}
Event: 30.849 GC heap after
{Heap after GC invocations=7 (full 0):
 garbage-first heap   total 131072K, used 22876K [0x0000000081e00000, 0x0000000100000000)
  region size 1024K, 1 young (1024K), 1 survivors (1024K)
 Metaspace       used 10727K, committed 10944K, reserved 1114112K
  class space    used 1184K, committed 1280K, reserved 1048576K
}
Event: 33.062 GC heap before
{Heap before GC invocations=7 (full 0):
 garbage-first heap   total 131072K, used 57692K [0x0000000081e00000, 0x0000000100000000)
  region size 1024K, 2 young (2048K), 1 survivors (1024K)
 Metaspace       used 10734K, committed 10944K, reserved 1114112K
  class space    used 1184K, committed 1280K, reserved 1048576K
}
Event: 33.063 GC heap after
{Heap after GC invocations=8 (full 0):
 garbage-first heap   total 131072K, used 22878K [0x0000000081e00000, 0x0000000100000000)
  region size 1024K, 1 young (1024K), 1 survivors (1024K)
 Metaspace       used 10734K, committed 10944K, reserved 1114112K
  class space    used 1184K, committed 1280K, reserved 1048576K
}
Event: 34.823 GC heap before
{Heap before GC invocations=8 (full 0):
 garbage-first heap   total 131072K, used 58718K [0x0000000081e00000, 0x0000000100000000)
  region size 1024K, 3 young (3072K), 1 survivors (1024K)
 Metaspace       used 10745K, committed 10944K, reserved 1114112K
  class space    used 1184K, committed 1280K, reserved 1048576K
}
Event: 34.824 GC heap after
{Heap after GC invocations=9 (full 0):
 garbage-first heap   total 131072K, used 22878K [0x0000000081e00000, 0x0000000100000000)
  region size 1024K, 1 young (1024K), 1 survivors (1024K)
 Metaspace       used 10745K, committed 10944K, reserved 1114112K
  class space    used 1184K, committed 1280K, reserved 1048576K
}
Event: 36.588 GC heap before
{Heap before GC invocations=9 (full 0):
 garbage-first heap   total 131072K, used 57694K [0x0000000081e00000, 0x0000000100000000)
  region size 1024K, 2 young (2048K), 1 survivors (1024K)
 Metaspace       used 10763K, committed 10944K, reserved 1114112K
  class space    used 1184K, committed 1280K, reserved 1048576K
}
Event: 36.589 GC heap after
{Heap after GC invocations=10 (full 0):
 garbage-first heap   total 131072K, used 22876K [0x0000000081e00000, 0x0000000100000000)
  region size 1024K, 1 young (1024K), 1 survivors (1024K)
 Metaspace       used 10763K, committed 10944K, reserved 1114112K
  class space    used 1184K, committed 1280K, reserved 1048576K
}

